{"/home/anuj/NodeJs Project/nodejs-test-framwork-setup/index.js": {"path":"/home/anuj/NodeJs Project/nodejs-test-framwork-setup/index.js","statementMap":{"0":{"start":{"line":2,"column":16},"end":{"line":2,"column":34}},"1":{"start":{"line":3,"column":0},"end":{"line":3,"column":18}},"2":{"start":{"line":4,"column":12},"end":{"line":4,"column":21}},"3":{"start":{"line":5,"column":13},"end":{"line":5,"column":28}},"4":{"start":{"line":6,"column":17},"end":{"line":6,"column":36}},"5":{"start":{"line":7,"column":0},"end":{"line":7,"column":16}},"6":{"start":{"line":8,"column":0},"end":{"line":8,"column":24}},"7":{"start":{"line":9,"column":0},"end":{"line":9,"column":38}},"8":{"start":{"line":10,"column":0},"end":{"line":10,"column":40}},"9":{"start":{"line":11,"column":0},"end":{"line":11,"column":37}},"10":{"start":{"line":12,"column":0},"end":{"line":12,"column":41}},"11":{"start":{"line":14,"column":18},"end":{"line":14,"column":47}},"12":{"start":{"line":16,"column":0},"end":{"line":18,"column":3}},"13":{"start":{"line":17,"column":2},"end":{"line":17,"column":24}},"14":{"start":{"line":19,"column":0},"end":{"line":19,"column":35}},"15":{"start":{"line":20,"column":0},"end":{"line":20,"column":21}}},"fnMap":{"0":{"name":"(anonymous_0)","decl":{"start":{"line":16,"column":18},"end":{"line":16,"column":19}},"loc":{"start":{"line":16,"column":32},"end":{"line":18,"column":1}},"line":16}},"branchMap":{},"s":{"0":1,"1":1,"2":1,"3":1,"4":1,"5":1,"6":1,"7":1,"8":1,"9":1,"10":1,"11":1,"12":1,"13":0,"14":1,"15":1},"f":{"0":0},"b":{},"_coverageSchema":"1a1c01bbd47fc00a2c39e90264f33305004495a9","hash":"ad56787e899a1122c9d5806ef255cebd36bd2633"}
,"/home/anuj/NodeJs Project/nodejs-test-framwork-setup/server.js": {"path":"/home/anuj/NodeJs Project/nodejs-test-framwork-setup/server.js","statementMap":{"0":{"start":{"line":1,"column":13},"end":{"line":1,"column":37}},"1":{"start":{"line":2,"column":18},"end":{"line":2,"column":40}},"2":{"start":{"line":3,"column":12},"end":{"line":3,"column":30}},"3":{"start":{"line":4,"column":0},"end":{"line":8,"column":3}},"4":{"start":{"line":5,"column":2},"end":{"line":7,"column":5}},"5":{"start":{"line":6,"column":4},"end":{"line":6,"column":57}}},"fnMap":{"0":{"name":"(anonymous_0)","decl":{"start":{"line":4,"column":17},"end":{"line":4,"column":18}},"loc":{"start":{"line":4,"column":23},"end":{"line":8,"column":1}},"line":4},"1":{"name":"(anonymous_1)","decl":{"start":{"line":5,"column":19},"end":{"line":5,"column":20}},"loc":{"start":{"line":5,"column":25},"end":{"line":7,"column":3}},"line":5}},"branchMap":{"0":{"loc":{"start":{"line":1,"column":13},"end":{"line":1,"column":37}},"type":"binary-expr","locations":[{"start":{"line":1,"column":13},"end":{"line":1,"column":29}},{"start":{"line":1,"column":33},"end":{"line":1,"column":37}}],"line":1}},"s":{"0":0,"1":0,"2":0,"3":0,"4":0,"5":0},"f":{"0":0,"1":0},"b":{"0":[0,0]}}
,"/home/anuj/NodeJs Project/nodejs-test-framwork-setup/controller/bookController.js": {"path":"/home/anuj/NodeJs Project/nodejs-test-framwork-setup/controller/bookController.js","statementMap":{"0":{"start":{"line":1,"column":13},"end":{"line":1,"column":37}},"1":{"start":{"line":2,"column":17},"end":{"line":2,"column":51}},"2":{"start":{"line":3,"column":20},"end":{"line":15,"column":1}},"3":{"start":{"line":4,"column":2},"end":{"line":14,"column":3}},"4":{"start":{"line":5,"column":18},"end":{"line":5,"column":35}},"5":{"start":{"line":6,"column":4},"end":{"line":11,"column":7}},"6":{"start":{"line":13,"column":4},"end":{"line":13,"column":36}},"7":{"start":{"line":17,"column":20},"end":{"line":45,"column":1}},"8":{"start":{"line":18,"column":2},"end":{"line":44,"column":3}},"9":{"start":{"line":19,"column":19},"end":{"line":19,"column":29}},"10":{"start":{"line":20,"column":4},"end":{"line":29,"column":5}},"11":{"start":{"line":21,"column":6},"end":{"line":28,"column":9}},"12":{"start":{"line":30,"column":17},"end":{"line":30,"column":40}},"13":{"start":{"line":31,"column":4},"end":{"line":36,"column":9}},"14":{"start":{"line":32,"column":6},"end":{"line":36,"column":9}},"15":{"start":{"line":37,"column":4},"end":{"line":41,"column":7}},"16":{"start":{"line":43,"column":4},"end":{"line":43,"column":36}},"17":{"start":{"line":47,"column":23},"end":{"line":87,"column":1}},"18":{"start":{"line":48,"column":2},"end":{"line":86,"column":20}},"19":{"start":{"line":49,"column":19},"end":{"line":49,"column":29}},"20":{"start":{"line":50,"column":25},"end":{"line":50,"column":33}},"21":{"start":{"line":51,"column":4},"end":{"line":66,"column":5}},"22":{"start":{"line":52,"column":6},"end":{"line":59,"column":9}},"23":{"start":{"line":60,"column":11},"end":{"line":66,"column":5}},"24":{"start":{"line":61,"column":6},"end":{"line":65,"column":9}},"25":{"start":{"line":67,"column":17},"end":{"line":73,"column":5}},"26":{"start":{"line":74,"column":4},"end":{"line":79,"column":9}},"27":{"start":{"line":75,"column":6},"end":{"line":79,"column":9}},"28":{"start":{"line":80,"column":4},"end":{"line":85,"column":7}},"29":{"start":{"line":89,"column":23},"end":{"line":106,"column":1}},"30":{"start":{"line":90,"column":2},"end":{"line":105,"column":20}},"31":{"start":{"line":91,"column":19},"end":{"line":91,"column":29}},"32":{"start":{"line":92,"column":17},"end":{"line":92,"column":49}},"33":{"start":{"line":93,"column":4},"end":{"line":98,"column":9}},"34":{"start":{"line":94,"column":6},"end":{"line":98,"column":9}},"35":{"start":{"line":99,"column":4},"end":{"line":104,"column":7}},"36":{"start":{"line":108,"column":19},"end":{"line":119,"column":1}},"37":{"start":{"line":109,"column":23},"end":{"line":109,"column":31}},"38":{"start":{"line":110,"column":15},"end":{"line":112,"column":4}},"39":{"start":{"line":113,"column":2},"end":{"line":113,"column":20}},"40":{"start":{"line":114,"column":2},"end":{"line":118,"column":5}},"41":{"start":{"line":121,"column":0},"end":{"line":127,"column":2}}},"fnMap":{"0":{"name":"(anonymous_0)","decl":{"start":{"line":3,"column":20},"end":{"line":3,"column":21}},"loc":{"start":{"line":3,"column":40},"end":{"line":15,"column":1}},"line":3},"1":{"name":"(anonymous_1)","decl":{"start":{"line":17,"column":20},"end":{"line":17,"column":21}},"loc":{"start":{"line":17,"column":40},"end":{"line":45,"column":1}},"line":17},"2":{"name":"(anonymous_2)","decl":{"start":{"line":47,"column":23},"end":{"line":47,"column":24}},"loc":{"start":{"line":47,"column":43},"end":{"line":87,"column":1}},"line":47},"3":{"name":"(anonymous_3)","decl":{"start":{"line":89,"column":23},"end":{"line":89,"column":24}},"loc":{"start":{"line":89,"column":43},"end":{"line":106,"column":1}},"line":89},"4":{"name":"(anonymous_4)","decl":{"start":{"line":108,"column":19},"end":{"line":108,"column":20}},"loc":{"start":{"line":108,"column":39},"end":{"line":119,"column":1}},"line":108}},"branchMap":{"0":{"loc":{"start":{"line":20,"column":4},"end":{"line":29,"column":5}},"type":"if","locations":[{"start":{"line":20,"column":4},"end":{"line":29,"column":5}},{"start":{"line":20,"column":4},"end":{"line":29,"column":5}}],"line":20},"1":{"loc":{"start":{"line":31,"column":4},"end":{"line":36,"column":9}},"type":"if","locations":[{"start":{"line":31,"column":4},"end":{"line":36,"column":9}},{"start":{"line":31,"column":4},"end":{"line":36,"column":9}}],"line":31},"2":{"loc":{"start":{"line":51,"column":4},"end":{"line":66,"column":5}},"type":"if","locations":[{"start":{"line":51,"column":4},"end":{"line":66,"column":5}},{"start":{"line":51,"column":4},"end":{"line":66,"column":5}}],"line":51},"3":{"loc":{"start":{"line":60,"column":11},"end":{"line":66,"column":5}},"type":"if","locations":[{"start":{"line":60,"column":11},"end":{"line":66,"column":5}},{"start":{"line":60,"column":11},"end":{"line":66,"column":5}}],"line":60},"4":{"loc":{"start":{"line":74,"column":4},"end":{"line":79,"column":9}},"type":"if","locations":[{"start":{"line":74,"column":4},"end":{"line":79,"column":9}},{"start":{"line":74,"column":4},"end":{"line":79,"column":9}}],"line":74},"5":{"loc":{"start":{"line":93,"column":4},"end":{"line":98,"column":9}},"type":"if","locations":[{"start":{"line":93,"column":4},"end":{"line":98,"column":9}},{"start":{"line":93,"column":4},"end":{"line":98,"column":9}}],"line":93}},"s":{"0":1,"1":1,"2":1,"3":1,"4":1,"5":1,"6":0,"7":1,"8":2,"9":2,"10":2,"11":1,"12":1,"13":1,"14":1,"15":0,"16":0,"17":1,"18":2,"19":2,"20":2,"21":2,"22":0,"23":2,"24":0,"25":2,"26":2,"27":1,"28":1,"29":1,"30":1,"31":1,"32":1,"33":1,"34":1,"35":0,"36":1,"37":2,"38":2,"39":2,"40":2,"41":1},"f":{"0":1,"1":2,"2":2,"3":1,"4":2},"b":{"0":[1,1],"1":[1,0],"2":[0,2],"3":[0,2],"4":[1,1],"5":[1,0]},"_coverageSchema":"1a1c01bbd47fc00a2c39e90264f33305004495a9","hash":"01f23fbfcd8f10e48b9adb3ba205e74226fac289"}
,"/home/anuj/NodeJs Project/nodejs-test-framwork-setup/routes/bookRoute.js": {"path":"/home/anuj/NodeJs Project/nodejs-test-framwork-setup/routes/bookRoute.js","statementMap":{"0":{"start":{"line":1,"column":16},"end":{"line":1,"column":34}},"1":{"start":{"line":2,"column":15},"end":{"line":2,"column":31}},"2":{"start":{"line":10,"column":4},"end":{"line":10,"column":43}},"3":{"start":{"line":12,"column":0},"end":{"line":16,"column":20}},"4":{"start":{"line":17,"column":0},"end":{"line":17,"column":52}},"5":{"start":{"line":19,"column":0},"end":{"line":19,"column":24}}},"fnMap":{},"branchMap":{},"s":{"0":1,"1":1,"2":1,"3":1,"4":1,"5":1},"f":{},"b":{},"_coverageSchema":"1a1c01bbd47fc00a2c39e90264f33305004495a9","hash":"8631d01736a7f7a6387d684c0b5678293721aa21"}
}
