TN:
SF:index.js
FN:16,(anonymous_0)
FNF:1
FNH:0
FNDA:0,(anonymous_0)
DA:2,1
DA:3,1
DA:4,1
DA:5,1
DA:6,1
DA:7,1
DA:8,1
DA:9,1
DA:10,1
DA:11,1
DA:12,1
DA:14,1
DA:16,1
DA:17,0
DA:19,1
DA:20,1
LF:16
LH:15
BRF:0
BRH:0
end_of_record
TN:
SF:server.js
FN:4,(anonymous_0)
FN:5,(anonymous_1)
FNF:2
FNH:0
FNDA:0,(anonymous_0)
FNDA:0,(anonymous_1)
DA:1,0
DA:2,0
DA:3,0
DA:4,0
DA:5,0
DA:6,0
LF:6
LH:0
BRDA:1,0,0,0
BRDA:1,0,1,0
BRF:2
BRH:0
end_of_record
TN:
SF:controller/bookController.js
FN:3,(anonymous_0)
FN:17,(anonymous_1)
FN:47,(anonymous_2)
FN:89,(anonymous_3)
FN:108,(anonymous_4)
FNF:5
FNH:5
FNDA:1,(anonymous_0)
FNDA:2,(anonymous_1)
FNDA:2,(anonymous_2)
FNDA:1,(anonymous_3)
FNDA:2,(anonymous_4)
DA:1,1
DA:2,1
DA:3,1
DA:4,1
DA:5,1
DA:6,1
DA:13,0
DA:17,1
DA:18,2
DA:19,2
DA:20,2
DA:21,1
DA:30,1
DA:31,1
DA:32,1
DA:37,0
DA:43,0
DA:47,1
DA:48,2
DA:49,2
DA:50,2
DA:51,2
DA:52,0
DA:60,2
DA:61,0
DA:67,2
DA:74,2
DA:75,1
DA:80,1
DA:89,1
DA:90,1
DA:91,1
DA:92,1
DA:93,1
DA:94,1
DA:99,0
DA:108,1
DA:109,2
DA:110,2
DA:113,2
DA:114,2
DA:121,1
LF:42
LH:36
BRDA:20,0,0,1
BRDA:20,0,1,1
BRDA:31,1,0,1
BRDA:31,1,1,0
BRDA:51,2,0,0
BRDA:51,2,1,2
BRDA:60,3,0,0
BRDA:60,3,1,2
BRDA:74,4,0,1
BRDA:74,4,1,1
BRDA:93,5,0,1
BRDA:93,5,1,0
BRF:12
BRH:8
end_of_record
TN:
SF:routes/bookRoute.js
FNF:0
FNH:0
DA:1,1
DA:2,1
DA:10,1
DA:12,1
DA:17,1
DA:19,1
LF:6
LH:6
BRF:0
BRH:0
end_of_record
